<?xml version="1.0" encoding="UTF-8"?>
<!-- Generated by org.testng.reporters.JUnitXMLReporter -->
<testsuite ignored="0" hostname="dell" failures="0" tests="6" name="Default test" time="37.084" errors="0" timestamp="2025-05-15T14:43:52 IST">
  <testcase classname="observr_pom.TestVerification" name="verifyTitleAndLogo" time="4.207"/>
  <testcase classname="observr_pom.TestVerification" name="verifyscreenshot_maintext" time="4.605"/>
  <testcase classname="observr_pom.TestVerification" name="verifyvideobtn_loadmorebtn_booksession" time="2.302"/>
  <testcase classname="observr_pom.TestVerification" name="industry" time="10.346"/>
  <testcase classname="observr_pom.TestVerification" name="solutions" time="0.237"/>
  <testcase classname="observr_pom.TestVerification" name="product" time="0.162"/>
</testsuite> <!-- Default test -->
