<?xml version="1.0" encoding="UTF-8"?>
<!-- Generated by org.testng.reporters.JUnitXMLReporter -->
<testsuite ignored="0" hostname="dell" failures="0" tests="7" name="Default test" time="16.269" errors="0" timestamp="2025-07-18T15:21:43 IST">
  <testcase classname="observr_pom.TestVerification" name="verifyTitleAndLogo" time="0.124"/>
  <testcase classname="observr_pom.TestVerification" name="verifyscreenshot_maintext" time="0.507"/>
  <testcase classname="observr_pom.TestVerification" name="verifyvideobtn_loadmorebtn_booksession" time="0.592"/>
  <testcase classname="observr_pom.TestVerification" name="industry" time="0.203"/>
  <testcase classname="observr_pom.TestVerification" name="solutions" time="0.365"/>
  <testcase classname="observr_pom.TestVerification" name="product" time="0.335"/>
  <testcase classname="observr_pom.TestVerification" name="others" time="0.211"/>
</testsuite> <!-- Default test -->
